<?xml version="1.0" encoding="UTF-8"?>
<testng-results skipped="0" failed="0" ignored="0" total="1" passed="1">
  <reporter-output>
  </reporter-output>
  <suite name="Suite" duration-ms="12952" started-at="2020-09-09T14:27:11 IST" finished-at="2020-09-09T14:27:24 IST">
    <groups>
    </groups>
    <test name="Test" duration-ms="12952" started-at="2020-09-09T14:27:11 IST" finished-at="2020-09-09T14:27:24 IST">
      <class name="LearnMavenPkg.MavenDemoProject.BrowserLaunchWDMngr">
        <test-method status="PASS" signature="browserLaunch()[pri:0, instance:LearnMavenPkg.MavenDemoProject.BrowserLaunchWDMngr@6f1fba17]" name="browserLaunch" duration-ms="12886" started-at="2020-09-09T14:27:11 IST" finished-at="2020-09-09T14:27:24 IST">
          <reporter-output>
          </reporter-output>
        </test-method> <!-- browserLaunch -->
      </class> <!-- LearnMavenPkg.MavenDemoProject.BrowserLaunchWDMngr -->
    </test> <!-- Test -->
  </suite> <!-- Suite -->
</testng-results>
